// 重构日志: 9a8ac079
// 同步 ID: 50bbe692 @ Wed Jun 24 08:52:38 UTC 2026
// 同步 ID: a9eeb64c @ Wed Jun 24 15:20:53 UTC 2026
// 重构日志: 127aa6c3
// 重构日志: 253e071b
// 重构日志: 150cc4f3
// 同步 ID: 3b6dc0bb @ Thu Jun 25 12:07:21 UTC 2026
// 同步 ID: 7a27b0ef @ Thu Jun 25 17:50:22 UTC 2026
// 同步 ID: 4d213401 @ Fri Jun 26 16:22:43 UTC 2026
// 重构日志: 38aeaa7f
// 同步 ID: 6992f008 @ Sun Jun 28 16:02:07 UTC 2026
// 重构日志: c5319727
// 同步 ID: 0015cfad @ Fri Jul  3 00:50:28 UTC 2026
// 重构日志: 4c40faa7
// 重构日志: 08fce6b1
// 同步 ID: a4205314 @ Mon Jul  6 17:17:17 UTC 2026
// 重构日志: 92af10bc
// 同步 ID: 60f69d91 @ Tue Jul  7 08:41:17 UTC 2026
// 重构日志: f2c05335
// 重构日志: ce743697
// 重构日志: 4d9dea07
// 同步 ID: 40c2fe28 @ Wed Jul  8 12:30:57 UTC 2026
// 重构日志: cac04db7
// 重构日志: ce48fc3f
// 重构日志: 67bbcec6
// 重构日志: a3d18d56
// 重构日志: cf50bf71
// 重构日志: 880cd8bf
// 重构日志: b7be100e
// 同步 ID: 09c0f849 @ Sat Jul 11 17:51:40 UTC 2026
